Using launch settings from EventHub.API\Properties\launchSettings.json...
Building...
D:\AllEventHub\All-EventHub\backend\EventHub.BLL\EventHub.BLL.csproj : error NU1301: Unable to get repository signature information for source https://api.nuget.org/v3-index/repository-signatures/5.0.0/index.json. [D:\AllEventHub\All-EventHub\backend\EventHub.API\EventHub.API.csproj]
D:\AllEventHub\All-EventHub\backend\EventHub.BLL\EventHub.BLL.csproj : error NU1301:   A socket operation was attempted to an unreachable network. (api.nuget.org:443) [D:\AllEventHub\All-EventHub\backend\EventHub.API\EventHub.API.csproj]
D:\AllEventHub\All-EventHub\backend\EventHub.BLL\EventHub.BLL.csproj : error NU1301:   A socket operation was attempted to an unreachable network. [D:\AllEventHub\All-EventHub\backend\EventHub.API\EventHub.API.csproj]
D:\AllEventHub\All-EventHub\backend\EventHub.API\EventHub.API.csproj : error NU1301: Unable to get repository signature information for source https://api.nuget.org/v3-index/repository-signatures/5.0.0/index.json.
D:\AllEventHub\All-EventHub\backend\EventHub.API\EventHub.API.csproj : error NU1301:   A socket operation was attempted to an unreachable network. (api.nuget.org:443)
D:\AllEventHub\All-EventHub\backend\EventHub.API\EventHub.API.csproj : error NU1301:   A socket operation was attempted to an unreachable network.
D:\AllEventHub\All-EventHub\backend\EventHub.Domain\EventHub.Domain.csproj : error NU1301: Unable to get repository signature information for source https://api.nuget.org/v3-index/repository-signatures/5.0.0/index.json. [D:\AllEventHub\All-EventHub\backend\EventHub.API\EventHub.API.csproj]
D:\AllEventHub\All-EventHub\backend\EventHub.Domain\EventHub.Domain.csproj : error NU1301:   A socket operation was attempted to an unreachable network. (api.nuget.org:443) [D:\AllEventHub\All-EventHub\backend\EventHub.API\EventHub.API.csproj]
D:\AllEventHub\All-EventHub\backend\EventHub.Domain\EventHub.Domain.csproj : error NU1301:   A socket operation was attempted to an unreachable network. [D:\AllEventHub\All-EventHub\backend\EventHub.API\EventHub.API.csproj]
D:\AllEventHub\All-EventHub\backend\EventHub.DAL\EventHub.DAL.csproj : error NU1301: Unable to get repository signature information for source https://api.nuget.org/v3-index/repository-signatures/5.0.0/index.json. [D:\AllEventHub\All-EventHub\backend\EventHub.API\EventHub.API.csproj]
D:\AllEventHub\All-EventHub\backend\EventHub.DAL\EventHub.DAL.csproj : error NU1301:   A socket operation was attempted to an unreachable network. (api.nuget.org:443) [D:\AllEventHub\All-EventHub\backend\EventHub.API\EventHub.API.csproj]
D:\AllEventHub\All-EventHub\backend\EventHub.DAL\EventHub.DAL.csproj : error NU1301:   A socket operation was attempted to an unreachable network. [D:\AllEventHub\All-EventHub\backend\EventHub.API\EventHub.API.csproj]
D:\AllEventHub\All-EventHub\backend\EventHub.API\EventHub.API.csproj : error NU1301: Unable to get repository signature information for source https://api.nuget.org/v3-index/repository-signatures/5.0.0/index.json.
D:\AllEventHub\All-EventHub\backend\EventHub.API\EventHub.API.csproj : error NU1301:   A socket operation was attempted to an unreachable network. (api.nuget.org:443)
D:\AllEventHub\All-EventHub\backend\EventHub.API\EventHub.API.csproj : error NU1301:   A socket operation was attempted to an unreachable network.
D:\AllEventHub\All-EventHub\backend\EventHub.BLL\EventHub.BLL.csproj : error NU1301: Unable to get repository signature information for source https://api.nuget.org/v3-index/repository-signatures/5.0.0/index.json. [D:\AllEventHub\All-EventHub\backend\EventHub.API\EventHub.API.csproj]
D:\AllEventHub\All-EventHub\backend\EventHub.BLL\EventHub.BLL.csproj : error NU1301:   A socket operation was attempted to an unreachable network. (api.nuget.org:443) [D:\AllEventHub\All-EventHub\backend\EventHub.API\EventHub.API.csproj]
D:\AllEventHub\All-EventHub\backend\EventHub.BLL\EventHub.BLL.csproj : error NU1301:   A socket operation was attempted to an unreachable network. [D:\AllEventHub\All-EventHub\backend\EventHub.API\EventHub.API.csproj]
D:\AllEventHub\All-EventHub\backend\EventHub.BLL\EventHub.BLL.csproj : error NU1301: Unable to get repository signature information for source https://api.nuget.org/v3-index/repository-signatures/5.0.0/index.json. [D:\AllEventHub\All-EventHub\backend\EventHub.API\EventHub.API.csproj]
D:\AllEventHub\All-EventHub\backend\EventHub.BLL\EventHub.BLL.csproj : error NU1301:   A socket operation was attempted to an unreachable network. (api.nuget.org:443) [D:\AllEventHub\All-EventHub\backend\EventHub.API\EventHub.API.csproj]
D:\AllEventHub\All-EventHub\backend\EventHub.BLL\EventHub.BLL.csproj : error NU1301:   A socket operation was attempted to an unreachable network. [D:\AllEventHub\All-EventHub\backend\EventHub.API\EventHub.API.csproj]
D:\AllEventHub\All-EventHub\backend\EventHub.BLL\EventHub.BLL.csproj : error NU1301: Unable to get repository signature information for source https://api.nuget.org/v3-index/repository-signatures/5.0.0/index.json. [D:\AllEventHub\All-EventHub\backend\EventHub.API\EventHub.API.csproj]
D:\AllEventHub\All-EventHub\backend\EventHub.BLL\EventHub.BLL.csproj : error NU1301:   A socket operation was attempted to an unreachable network. (api.nuget.org:443) [D:\AllEventHub\All-EventHub\backend\EventHub.API\EventHub.API.csproj]
D:\AllEventHub\All-EventHub\backend\EventHub.BLL\EventHub.BLL.csproj : error NU1301:   A socket operation was attempted to an unreachable network. [D:\AllEventHub\All-EventHub\backend\EventHub.API\EventHub.API.csproj]
D:\AllEventHub\All-EventHub\backend\EventHub.API\EventHub.API.csproj : error NU1301: Unable to get repository signature information for source https://api.nuget.org/v3-index/repository-signatures/5.0.0/index.json.
D:\AllEventHub\All-EventHub\backend\EventHub.API\EventHub.API.csproj : error NU1301:   A socket operation was attempted to an unreachable network. (api.nuget.org:443)
D:\AllEventHub\All-EventHub\backend\EventHub.API\EventHub.API.csproj : error NU1301:   A socket operation was attempted to an unreachable network.
D:\AllEventHub\All-EventHub\backend\EventHub.BLL\EventHub.BLL.csproj : error NU1301: Unable to get repository signature information for source https://api.nuget.org/v3-index/repository-signatures/5.0.0/index.json. [D:\AllEventHub\All-EventHub\backend\EventHub.API\EventHub.API.csproj]
D:\AllEventHub\All-EventHub\backend\EventHub.BLL\EventHub.BLL.csproj : error NU1301:   A socket operation was attempted to an unreachable network. (api.nuget.org:443) [D:\AllEventHub\All-EventHub\backend\EventHub.API\EventHub.API.csproj]
D:\AllEventHub\All-EventHub\backend\EventHub.BLL\EventHub.BLL.csproj : error NU1301:   A socket operation was attempted to an unreachable network. [D:\AllEventHub\All-EventHub\backend\EventHub.API\EventHub.API.csproj]
D:\AllEventHub\All-EventHub\backend\EventHub.API\EventHub.API.csproj : error NU1301: Unable to get repository signature information for source https://api.nuget.org/v3-index/repository-signatures/5.0.0/index.json.
D:\AllEventHub\All-EventHub\backend\EventHub.API\EventHub.API.csproj : error NU1301:   A socket operation was attempted to an unreachable network. (api.nuget.org:443)
D:\AllEventHub\All-EventHub\backend\EventHub.API\EventHub.API.csproj : error NU1301:   A socket operation was attempted to an unreachable network.
D:\AllEventHub\All-EventHub\backend\EventHub.BLL\EventHub.BLL.csproj : error NU1301: Unable to get repository signature information for source https://api.nuget.org/v3-index/repository-signatures/5.0.0/index.json. [D:\AllEventHub\All-EventHub\backend\EventHub.API\EventHub.API.csproj]
D:\AllEventHub\All-EventHub\backend\EventHub.BLL\EventHub.BLL.csproj : error NU1301:   A socket operation was attempted to an unreachable network. (api.nuget.org:443) [D:\AllEventHub\All-EventHub\backend\EventHub.API\EventHub.API.csproj]
D:\AllEventHub\All-EventHub\backend\EventHub.BLL\EventHub.BLL.csproj : error NU1301:   A socket operation was attempted to an unreachable network. [D:\AllEventHub\All-EventHub\backend\EventHub.API\EventHub.API.csproj]
D:\AllEventHub\All-EventHub\backend\EventHub.BLL\EventHub.BLL.csproj : error NU1301: Unable to get repository signature information for source https://api.nuget.org/v3-index/repository-signatures/5.0.0/index.json. [D:\AllEventHub\All-EventHub\backend\EventHub.API\EventHub.API.csproj]
D:\AllEventHub\All-EventHub\backend\EventHub.BLL\EventHub.BLL.csproj : error NU1301:   A socket operation was attempted to an unreachable network. (api.nuget.org:443) [D:\AllEventHub\All-EventHub\backend\EventHub.API\EventHub.API.csproj]
D:\AllEventHub\All-EventHub\backend\EventHub.BLL\EventHub.BLL.csproj : error NU1301:   A socket operation was attempted to an unreachable network. [D:\AllEventHub\All-EventHub\backend\EventHub.API\EventHub.API.csproj]
D:\AllEventHub\All-EventHub\backend\EventHub.BLL\EventHub.BLL.csproj : error NU1301: Unable to get repository signature information for source https://api.nuget.org/v3-index/repository-signatures/5.0.0/index.json. [D:\AllEventHub\All-EventHub\backend\EventHub.API\EventHub.API.csproj]
D:\AllEventHub\All-EventHub\backend\EventHub.BLL\EventHub.BLL.csproj : error NU1301:   A socket operation was attempted to an unreachable network. (api.nuget.org:443) [D:\AllEventHub\All-EventHub\backend\EventHub.API\EventHub.API.csproj]
D:\AllEventHub\All-EventHub\backend\EventHub.BLL\EventHub.BLL.csproj : error NU1301:   A socket operation was attempted to an unreachable network. [D:\AllEventHub\All-EventHub\backend\EventHub.API\EventHub.API.csproj]
D:\AllEventHub\All-EventHub\backend\EventHub.API\EventHub.API.csproj : error NU1301: Unable to get repository signature information for source https://api.nuget.org/v3-index/repository-signatures/5.0.0/index.json.
D:\AllEventHub\All-EventHub\backend\EventHub.API\EventHub.API.csproj : error NU1301:   A socket operation was attempted to an unreachable network. (api.nuget.org:443)
D:\AllEventHub\All-EventHub\backend\EventHub.API\EventHub.API.csproj : error NU1301:   A socket operation was attempted to an unreachable network.
D:\AllEventHub\All-EventHub\backend\EventHub.DAL\EventHub.DAL.csproj : error NU1301: Unable to get repository signature information for source https://api.nuget.org/v3-index/repository-signatures/5.0.0/index.json. [D:\AllEventHub\All-EventHub\backend\EventHub.API\EventHub.API.csproj]
D:\AllEventHub\All-EventHub\backend\EventHub.DAL\EventHub.DAL.csproj : error NU1301:   A socket operation was attempted to an unreachable network. (api.nuget.org:443) [D:\AllEventHub\All-EventHub\backend\EventHub.API\EventHub.API.csproj]
D:\AllEventHub\All-EventHub\backend\EventHub.DAL\EventHub.DAL.csproj : error NU1301:   A socket operation was attempted to an unreachable network. [D:\AllEventHub\All-EventHub\backend\EventHub.API\EventHub.API.csproj]
D:\AllEventHub\All-EventHub\backend\EventHub.API\EventHub.API.csproj : error NU1301: Unable to get repository signature information for source https://api.nuget.org/v3-index/repository-signatures/5.0.0/index.json.
D:\AllEventHub\All-EventHub\backend\EventHub.API\EventHub.API.csproj : error NU1301:   A socket operation was attempted to an unreachable network. (api.nuget.org:443)
D:\AllEventHub\All-EventHub\backend\EventHub.API\EventHub.API.csproj : error NU1301:   A socket operation was attempted to an unreachable network.
D:\AllEventHub\All-EventHub\backend\EventHub.DAL\EventHub.DAL.csproj : error NU1301: Unable to get repository signature information for source https://api.nuget.org/v3-index/repository-signatures/5.0.0/index.json. [D:\AllEventHub\All-EventHub\backend\EventHub.API\EventHub.API.csproj]
D:\AllEventHub\All-EventHub\backend\EventHub.DAL\EventHub.DAL.csproj : error NU1301:   A socket operation was attempted to an unreachable network. (api.nuget.org:443) [D:\AllEventHub\All-EventHub\backend\EventHub.API\EventHub.API.csproj]
D:\AllEventHub\All-EventHub\backend\EventHub.DAL\EventHub.DAL.csproj : error NU1301:   A socket operation was attempted to an unreachable network. [D:\AllEventHub\All-EventHub\backend\EventHub.API\EventHub.API.csproj]

The build failed. Fix the build errors and run again.
